android/app/build/intermediates/manifest_merge_blame_file/release/processReleaseMainManifest/manifest-merger-blame-release-report.txt
1<?xml version="1.0" encoding="utf-8"?>
2<manifest xmlns:android="http://schemas.android.com/apk/res/android"
3    package="net.gapul.jpphonedirectory"
4    android:versionCode="1"
5    android:versionName="0.1.0" >
6
7    <uses-sdk
8        android:minSdkVersion="26"
9        android:targetSdkVersion="35" />
10
11    <uses-permission android:name="android.permission.INTERNET" />
11-->src/main/AndroidManifest.xml:4:5-67
11-->src/main/AndroidManifest.xml:4:22-64
12
13    <application
13-->src/main/AndroidManifest.xml:6:5-33:19
14        android:allowBackup="false"
14-->src/main/AndroidManifest.xml:7:9-36
15        android:extractNativeLibs="false"
16        android:label="@string/app_name" >
16-->src/main/AndroidManifest.xml:8:9-41
17        <activity
17-->src/main/AndroidManifest.xml:10:9-17:20
18            android:name="net.gapul.jpphonedirectory.MainActivity"
18-->src/main/AndroidManifest.xml:11:13-41
19            android:exported="true" >
19-->src/main/AndroidManifest.xml:12:13-36
20            <intent-filter>
20-->src/main/AndroidManifest.xml:13:13-16:29
21                <action android:name="android.intent.action.MAIN" />
21-->src/main/AndroidManifest.xml:14:17-69
21-->src/main/AndroidManifest.xml:14:25-66
22
23                <category android:name="android.intent.category.LAUNCHER" />
23-->src/main/AndroidManifest.xml:15:17-77
23-->src/main/AndroidManifest.xml:15:27-74
24            </intent-filter>
25        </activity>
26
27        <!--
28            The read permission must be BIND_DIRECTORY_SEARCH so that only the
29            system Contacts Provider can bind to this, and the meta-data flag is
30            how it discovers the directory in the first place.
31        -->
32        <provider
32-->src/main/AndroidManifest.xml:24:9-32:20
33            android:name="net.gapul.jpphonedirectory.DirectoryProvider"
33-->src/main/AndroidManifest.xml:25:13-46
34            android:authorities="net.gapul.jpphonedirectory.directory"
34-->src/main/AndroidManifest.xml:26:13-71
35            android:exported="true"
35-->src/main/AndroidManifest.xml:27:13-36
36            android:readPermission="android.permission.BIND_DIRECTORY_SEARCH" >
36-->src/main/AndroidManifest.xml:28:13-78
37            <meta-data
37-->src/main/AndroidManifest.xml:29:13-31:40
38                android:name="android.content.ContactDirectory"
38-->src/main/AndroidManifest.xml:30:17-64
39                android:value="true" />
39-->src/main/AndroidManifest.xml:31:17-37
40        </provider>
41    </application>
42
43</manifest>